2013/10/13 08:39:03 [error] [exception.CHttpException.404] exception 'CHttpException' with message 'The system is unable to find the requested action "frame".' in C:\xampp\htdocs\framework\web\CController.php:483
Stack trace:
#0 C:\xampp\htdocs\framework\web\CController.php(270): CController->missingAction('frame')
#1 C:\xampp\htdocs\framework\web\CWebApplication.php(282): CController->run('frame')
#2 C:\xampp\htdocs\framework\web\CWebApplication.php(141): CWebApplication->runController('site/frame')
#3 C:\xampp\htdocs\framework\base\CApplication.php(180): CWebApplication->processRequest()
#4 C:\xampp\htdocs\liza\index.php(10): CApplication->run()
#5 {main}
REQUEST_URI=/index.php/site/frame?id=1
---
2013/10/13 08:39:25 [error] [php] include(WebUser.php): failed to open stream: No such file or directory (C:\xampp\htdocs\framework\YiiBase.php:427)
Stack trace:
#0 C:\xampp\htdocs\framework\YiiBase.php(196): import()
#1 C:\xampp\htdocs\framework\base\CModule.php(386): createComponent()
#2 C:\xampp\htdocs\framework\web\CWebApplication.php(209): CWebApplication->getComponent()
#3 C:\xampp\htdocs\framework\web\auth\CAccessControlFilter.php(132): CWebApplication->getUser()
#4 C:\xampp\htdocs\framework\web\filters\CFilter.php(38): CAccessControlFilter->preFilter()
#5 C:\xampp\htdocs\framework\web\CController.php(1145): CAccessControlFilter->filter()
#6 C:\xampp\htdocs\framework\web\filters\CInlineFilter.php(58): LostController->filterAccessControl()
#7 C:\xampp\htdocs\framework\web\filters\CFilterChain.php(130): CInlineFilter->filter()
#8 C:\xampp\htdocs\framework\web\CController.php(291): CFilterChain->run()
#9 C:\xampp\htdocs\framework\web\CController.php(265): LostController->runActionWithFilters()
#10 C:\xampp\htdocs\framework\web\CWebApplication.php(282): LostController->run()
#11 C:\xampp\htdocs\framework\web\CWebApplication.php(141): CWebApplication->runController()
#12 C:\xampp\htdocs\framework\base\CApplication.php(180): CWebApplication->processRequest()
#13 C:\xampp\htdocs\liza\index.php(10): CWebApplication->run()
REQUEST_URI=/index.php/admin/lost
2013/10/13 08:40:55 [error] [php] Invalid argument supplied for foreach() (C:\xampp\htdocs\framework\web\helpers\CHtml.php:2325)
Stack trace:
#0 C:\xampp\htdocs\liza\protected\modules\admin\views\lost\_form.php(45): CActiveForm->dropDownList()
#1 C:\xampp\htdocs\framework\web\CBaseController.php(126): require()
#2 C:\xampp\htdocs\framework\web\CBaseController.php(95): LostController->renderInternal()
#3 C:\xampp\htdocs\framework\web\CController.php(869): LostController->renderFile()
#4 C:\xampp\htdocs\liza\protected\modules\admin\views\lost\update.php(20): LostController->renderPartial()
#5 C:\xampp\htdocs\framework\web\CBaseController.php(126): require()
#6 C:\xampp\htdocs\framework\web\CBaseController.php(95): LostController->renderInternal()
#7 C:\xampp\htdocs\framework\web\CController.php(869): LostController->renderFile()
#8 C:\xampp\htdocs\framework\web\CController.php(782): LostController->renderPartial()
#9 C:\xampp\htdocs\liza\protected\modules\admin\controllers\LostController.php(65): LostController->render()
#10 unknown(0): LostController->actionUpdate()
#11 C:\xampp\htdocs\framework\web\actions\CAction.php(108): ReflectionMethod->invokeArgs()
#12 C:\xampp\htdocs\framework\web\actions\CInlineAction.php(47): CInlineAction->runWithParamsInternal()
#13 C:\xampp\htdocs\framework\web\CController.php(308): CInlineAction->runWithParams()
#14 C:\xampp\htdocs\framework\web\filters\CFilterChain.php(133): LostController->runAction()
#15 C:\xampp\htdocs\framework\web\filters\CFilter.php(40): CFilterChain->run()
#16 C:\xampp\htdocs\framework\web\CController.php(1145): CAccessControlFilter->filter()
#17 C:\xampp\htdocs\framework\web\filters\CInlineFilter.php(58): LostController->filterAccessControl()
#18 C:\xampp\htdocs\framework\web\filters\CFilterChain.php(130): CInlineFilter->filter()
#19 C:\xampp\htdocs\framework\web\CController.php(291): CFilterChain->run()
#20 C:\xampp\htdocs\framework\web\CController.php(265): LostController->runActionWithFilters()
#21 C:\xampp\htdocs\framework\web\CWebApplication.php(282): LostController->run()
#22 C:\xampp\htdocs\framework\web\CWebApplication.php(141): CWebApplication->runController()
#23 C:\xampp\htdocs\framework\base\CApplication.php(180): CWebApplication->processRequest()
#24 C:\xampp\htdocs\liza\index.php(10): CWebApplication->run()
REQUEST_URI=/index.php/admin/lost/update/id/1
2013/10/13 08:41:08 [error] [php] Invalid argument supplied for foreach() (C:\xampp\htdocs\framework\web\helpers\CHtml.php:2325)
Stack trace:
#0 C:\xampp\htdocs\liza\protected\modules\admin\views\lost\_form.php(45): CActiveForm->dropDownList()
#1 C:\xampp\htdocs\framework\web\CBaseController.php(126): require()
#2 C:\xampp\htdocs\framework\web\CBaseController.php(95): LostController->renderInternal()
#3 C:\xampp\htdocs\framework\web\CController.php(869): LostController->renderFile()
#4 C:\xampp\htdocs\liza\protected\modules\admin\views\lost\update.php(20): LostController->renderPartial()
#5 C:\xampp\htdocs\framework\web\CBaseController.php(126): require()
#6 C:\xampp\htdocs\framework\web\CBaseController.php(95): LostController->renderInternal()
#7 C:\xampp\htdocs\framework\web\CController.php(869): LostController->renderFile()
#8 C:\xampp\htdocs\framework\web\CController.php(782): LostController->renderPartial()
#9 C:\xampp\htdocs\liza\protected\modules\admin\controllers\LostController.php(65): LostController->render()
#10 unknown(0): LostController->actionUpdate()
#11 C:\xampp\htdocs\framework\web\actions\CAction.php(108): ReflectionMethod->invokeArgs()
#12 C:\xampp\htdocs\framework\web\actions\CInlineAction.php(47): CInlineAction->runWithParamsInternal()
#13 C:\xampp\htdocs\framework\web\CController.php(308): CInlineAction->runWithParams()
#14 C:\xampp\htdocs\framework\web\filters\CFilterChain.php(133): LostController->runAction()
#15 C:\xampp\htdocs\framework\web\filters\CFilter.php(40): CFilterChain->run()
#16 C:\xampp\htdocs\framework\web\CController.php(1145): CAccessControlFilter->filter()
#17 C:\xampp\htdocs\framework\web\filters\CInlineFilter.php(58): LostController->filterAccessControl()
#18 C:\xampp\htdocs\framework\web\filters\CFilterChain.php(130): CInlineFilter->filter()
#19 C:\xampp\htdocs\framework\web\CController.php(291): CFilterChain->run()
#20 C:\xampp\htdocs\framework\web\CController.php(265): LostController->runActionWithFilters()
#21 C:\xampp\htdocs\framework\web\CWebApplication.php(282): LostController->run()
#22 C:\xampp\htdocs\framework\web\CWebApplication.php(141): CWebApplication->runController()
#23 C:\xampp\htdocs\framework\base\CApplication.php(180): CWebApplication->processRequest()
#24 C:\xampp\htdocs\liza\index.php(10): CWebApplication->run()
REQUEST_URI=/index.php/admin/lost/update/id/1
2013/10/13 08:42:47 [error] [php] Invalid argument supplied for foreach() (C:\xampp\htdocs\framework\web\helpers\CHtml.php:2325)
Stack trace:
#0 C:\xampp\htdocs\liza\protected\modules\admin\views\lost\_form.php(45): CActiveForm->dropDownList()
#1 C:\xampp\htdocs\framework\web\CBaseController.php(126): require()
#2 C:\xampp\htdocs\framework\web\CBaseController.php(95): LostController->renderInternal()
#3 C:\xampp\htdocs\framework\web\CController.php(869): LostController->renderFile()
#4 C:\xampp\htdocs\liza\protected\modules\admin\views\lost\update.php(20): LostController->renderPartial()
#5 C:\xampp\htdocs\framework\web\CBaseController.php(126): require()
#6 C:\xampp\htdocs\framework\web\CBaseController.php(95): LostController->renderInternal()
#7 C:\xampp\htdocs\framework\web\CController.php(869): LostController->renderFile()
#8 C:\xampp\htdocs\framework\web\CController.php(782): LostController->renderPartial()
#9 C:\xampp\htdocs\liza\protected\modules\admin\controllers\LostController.php(65): LostController->render()
#10 unknown(0): LostController->actionUpdate()
#11 C:\xampp\htdocs\framework\web\actions\CAction.php(108): ReflectionMethod->invokeArgs()
#12 C:\xampp\htdocs\framework\web\actions\CInlineAction.php(47): CInlineAction->runWithParamsInternal()
#13 C:\xampp\htdocs\framework\web\CController.php(308): CInlineAction->runWithParams()
#14 C:\xampp\htdocs\framework\web\filters\CFilterChain.php(133): LostController->runAction()
#15 C:\xampp\htdocs\framework\web\filters\CFilter.php(40): CFilterChain->run()
#16 C:\xampp\htdocs\framework\web\CController.php(1145): CAccessControlFilter->filter()
#17 C:\xampp\htdocs\framework\web\filters\CInlineFilter.php(58): LostController->filterAccessControl()
#18 C:\xampp\htdocs\framework\web\filters\CFilterChain.php(130): CInlineFilter->filter()
#19 C:\xampp\htdocs\framework\web\CController.php(291): CFilterChain->run()
#20 C:\xampp\htdocs\framework\web\CController.php(265): LostController->runActionWithFilters()
#21 C:\xampp\htdocs\framework\web\CWebApplication.php(282): LostController->run()
#22 C:\xampp\htdocs\framework\web\CWebApplication.php(141): CWebApplication->runController()
#23 C:\xampp\htdocs\framework\base\CApplication.php(180): CWebApplication->processRequest()
#24 C:\xampp\htdocs\liza\index.php(10): CWebApplication->run()
REQUEST_URI=/index.php/admin/lost/update/id/1
2013/10/13 08:54:17 [error] [exception.CHttpException.400] exception 'CHttpException' with message 'Your request is invalid.' in C:\xampp\htdocs\framework\web\CController.php:336
Stack trace:
#0 C:\xampp\htdocs\framework\web\CController.php(309): CController->invalidActionParams(Object(CInlineAction))
#1 C:\xampp\htdocs\framework\web\CController.php(286): CController->runAction(Object(CInlineAction))
#2 C:\xampp\htdocs\framework\web\CController.php(265): CController->runActionWithFilters(Object(CInlineAction), Array)
#3 C:\xampp\htdocs\framework\web\CWebApplication.php(282): CController->run('frame')
#4 C:\xampp\htdocs\framework\web\CWebApplication.php(141): CWebApplication->runController('site/frame')
#5 C:\xampp\htdocs\framework\base\CApplication.php(180): CWebApplication->processRequest()
#6 C:\xampp\htdocs\liza\index.php(10): CApplication->run()
#7 {main}
REQUEST_URI=/index.php/site/frame
---
2013/10/13 09:37:39 [warning] [application] Failed to set unsafe attribute "photo" of "Lost".
2013/10/13 09:37:39 [warning] [application] Failed to set unsafe attribute "flyer" of "Lost".
2013/10/13 10:03:18 [error] [exception.CException] exception 'CException' with message 'Property "CDataColumn.title" is not defined.' in C:\xampp\htdocs\framework\base\CComponent.php:173
Stack trace:
#0 C:\xampp\htdocs\framework\YiiBase.php(220): CComponent->__set('title', '???????????????...')
#1 C:\xampp\htdocs\framework\zii\widgets\grid\CGridView.php(388): YiiBase::createComponent(Array, Object(CGridView))
#2 C:\xampp\htdocs\framework\zii\widgets\grid\CGridView.php(359): CGridView->initColumns()
#3 C:\xampp\htdocs\framework\web\CBaseController.php(147): CGridView->init()
#4 C:\xampp\htdocs\framework\web\CBaseController.php(172): CBaseController->createWidget('zii.widgets.gri...', Array)
#5 C:\xampp\htdocs\liza\protected\modules\admin\views\lost\admin.php(89): CBaseController->widget('zii.widgets.gri...', Array)
#6 C:\xampp\htdocs\framework\web\CBaseController.php(126): require('C:\xampp\htdocs...')
#7 C:\xampp\htdocs\framework\web\CBaseController.php(95): CBaseController->renderInternal('C:\xampp\htdocs...', Array, true)
#8 C:\xampp\htdocs\framework\web\CController.php(869): CBaseController->renderFile('C:\xampp\htdocs...', Array, true)
#9 C:\xampp\htdocs\framework\web\CController.php(782): CController->renderPartial('admin', Array, true)
#10 C:\xampp\htdocs\liza\protected\modules\admin\controllers\LostController.php(95): CController->render('admin', Array)
#11 C:\xampp\htdocs\framework\web\actions\CInlineAction.php(49): LostController->actionIndex()
#12 C:\xampp\htdocs\framework\web\CController.php(308): CInlineAction->runWithParams(Array)
#13 C:\xampp\htdocs\framework\web\filters\CFilterChain.php(133): CController->runAction(Object(CInlineAction))
#14 C:\xampp\htdocs\framework\web\filters\CFilter.php(40): CFilterChain->run()
#15 C:\xampp\htdocs\framework\web\CController.php(1145): CFilter->filter(Object(CFilterChain))
#16 C:\xampp\htdocs\framework\web\filters\CInlineFilter.php(58): CController->filterAccessControl(Object(CFilterChain))
#17 C:\xampp\htdocs\framework\web\filters\CFilterChain.php(130): CInlineFilter->filter(Object(CFilterChain))
#18 C:\xampp\htdocs\framework\web\CController.php(291): CFilterChain->run()
#19 C:\xampp\htdocs\framework\web\CController.php(265): CController->runActionWithFilters(Object(CInlineAction), Array)
#20 C:\xampp\htdocs\framework\web\CWebApplication.php(282): CController->run('')
#21 C:\xampp\htdocs\framework\web\CWebApplication.php(141): CWebApplication->runController('admin/lost')
#22 C:\xampp\htdocs\framework\base\CApplication.php(180): CWebApplication->processRequest()
#23 C:\xampp\htdocs\liza\index.php(10): CApplication->run()
#24 {main}
REQUEST_URI=/index.php/admin/lost
---
2013/10/13 10:40:27 [error] [php] include(LostapiController.php): failed to open stream: No such file or directory (C:\xampp\htdocs\framework\YiiBase.php:427)
Stack trace:
#0 C:\xampp\htdocs\liza\protected\controllers\MapapiController.php(47): spl_autoload_call()
#1 unknown(0): MapapiController->actionView()
#2 C:\xampp\htdocs\framework\web\actions\CAction.php(108): ReflectionMethod->invokeArgs()
#3 C:\xampp\htdocs\framework\web\actions\CInlineAction.php(47): CInlineAction->runWithParamsInternal()
#4 C:\xampp\htdocs\framework\web\CController.php(308): CInlineAction->runWithParams()
#5 C:\xampp\htdocs\framework\web\filters\CFilterChain.php(133): MapapiController->runAction()
#6 C:\xampp\htdocs\framework\web\filters\CFilter.php(40): CFilterChain->run()
#7 C:\xampp\htdocs\framework\web\CController.php(1145): CAccessControlFilter->filter()
#8 C:\xampp\htdocs\framework\web\filters\CInlineFilter.php(58): MapapiController->filterAccessControl()
#9 C:\xampp\htdocs\framework\web\filters\CFilterChain.php(130): CInlineFilter->filter()
#10 C:\xampp\htdocs\framework\web\CController.php(291): CFilterChain->run()
#11 C:\xampp\htdocs\framework\web\CController.php(265): MapapiController->runActionWithFilters()
#12 C:\xampp\htdocs\framework\web\CWebApplication.php(282): MapapiController->run()
#13 C:\xampp\htdocs\framework\web\CWebApplication.php(141): CWebApplication->runController()
#14 C:\xampp\htdocs\framework\base\CApplication.php(180): CWebApplication->processRequest()
#15 C:\xampp\htdocs\liza\index.php(10): CWebApplication->run()
REQUEST_URI=/index.php/api/map/1
2013/10/13 10:41:10 [error] [php] include(LostapiController.php): failed to open stream: No such file or directory (C:\xampp\htdocs\framework\YiiBase.php:427)
Stack trace:
#0 C:\xampp\htdocs\liza\protected\controllers\MapapiController.php(47): spl_autoload_call()
#1 unknown(0): MapapiController->actionView()
#2 C:\xampp\htdocs\framework\web\actions\CAction.php(108): ReflectionMethod->invokeArgs()
#3 C:\xampp\htdocs\framework\web\actions\CInlineAction.php(47): CInlineAction->runWithParamsInternal()
#4 C:\xampp\htdocs\framework\web\CController.php(308): CInlineAction->runWithParams()
#5 C:\xampp\htdocs\framework\web\filters\CFilterChain.php(133): MapapiController->runAction()
#6 C:\xampp\htdocs\framework\web\filters\CFilter.php(40): CFilterChain->run()
#7 C:\xampp\htdocs\framework\web\CController.php(1145): CAccessControlFilter->filter()
#8 C:\xampp\htdocs\framework\web\filters\CInlineFilter.php(58): MapapiController->filterAccessControl()
#9 C:\xampp\htdocs\framework\web\filters\CFilterChain.php(130): CInlineFilter->filter()
#10 C:\xampp\htdocs\framework\web\CController.php(291): CFilterChain->run()
#11 C:\xampp\htdocs\framework\web\CController.php(265): MapapiController->runActionWithFilters()
#12 C:\xampp\htdocs\framework\web\CWebApplication.php(282): MapapiController->run()
#13 C:\xampp\htdocs\framework\web\CWebApplication.php(141): CWebApplication->runController()
#14 C:\xampp\htdocs\framework\base\CApplication.php(180): CWebApplication->processRequest()
#15 C:\xampp\htdocs\liza\index.php(10): CWebApplication->run()
REQUEST_URI=/index.php/api/map/1
2013/10/13 10:52:16 [error] [exception.CDbException] exception 'CDbException' with message 'Relation "valunteer" is not defined in active record class "Crew".' in C:\xampp\htdocs\framework\db\ar\CActiveFinder.php:226
Stack trace:
#0 C:\xampp\htdocs\framework\db\ar\CActiveFinder.php(298): CActiveFinder->buildJoinTree(Object(CJoinElement), 'valunteer', Array)
#1 C:\xampp\htdocs\framework\db\ar\CActiveFinder.php(48): CActiveFinder->buildJoinTree(Object(CJoinElement), Array)
#2 C:\xampp\htdocs\framework\db\ar\CActiveRecord.php(909): CActiveFinder->__construct(Object(Crew), Array)
#3 C:\xampp\htdocs\framework\db\ar\CActiveRecord.php(1355): CActiveRecord->getActiveFinder(Array)
#4 C:\xampp\htdocs\framework\db\ar\CActiveRecord.php(1470): CActiveRecord->query(Object(CDbCriteria), true)
#5 C:\xampp\htdocs\liza\protected\models\Volunteer.php(123): CActiveRecord->findAll(Object(CDbCriteria))
#6 C:\xampp\htdocs\liza\protected\modules\admin\views\volunteer\_form.php(65): Volunteer->AvailableCrew()
#7 C:\xampp\htdocs\framework\web\CBaseController.php(126): require('C:\xampp\htdocs...')
#8 C:\xampp\htdocs\framework\web\CBaseController.php(95): CBaseController->renderInternal('C:\xampp\htdocs...', Array, true)
#9 C:\xampp\htdocs\framework\web\CController.php(869): CBaseController->renderFile('C:\xampp\htdocs...', Array, true)
#10 C:\xampp\htdocs\liza\protected\modules\admin\views\volunteer\update.php(20): CController->renderPartial('_form', Array)
#11 C:\xampp\htdocs\framework\web\CBaseController.php(126): require('C:\xampp\htdocs...')
#12 C:\xampp\htdocs\framework\web\CBaseController.php(95): CBaseController->renderInternal('C:\xampp\htdocs...', Array, true)
#13 C:\xampp\htdocs\framework\web\CController.php(869): CBaseController->renderFile('C:\xampp\htdocs...', Array, true)
#14 C:\xampp\htdocs\framework\web\CController.php(782): CController->renderPartial('update', Array, true)
#15 C:\xampp\htdocs\liza\protected\modules\admin\controllers\VolunteerController.php(74): CController->render('update', Array)
#16 [internal function]: VolunteerController->actionUpdate('1')
#17 C:\xampp\htdocs\framework\web\actions\CAction.php(108): ReflectionMethod->invokeArgs(Object(VolunteerController), Array)
#18 C:\xampp\htdocs\framework\web\actions\CInlineAction.php(47): CAction->runWithParamsInternal(Object(VolunteerController), Object(ReflectionMethod), Array)
#19 C:\xampp\htdocs\framework\web\CController.php(308): CInlineAction->runWithParams(Array)
#20 C:\xampp\htdocs\framework\web\filters\CFilterChain.php(133): CController->runAction(Object(CInlineAction))
#21 C:\xampp\htdocs\framework\web\filters\CFilter.php(40): CFilterChain->run()
#22 C:\xampp\htdocs\framework\web\CController.php(1145): CFilter->filter(Object(CFilterChain))
#23 C:\xampp\htdocs\framework\web\filters\CInlineFilter.php(58): CController->filterAccessControl(Object(CFilterChain))
#24 C:\xampp\htdocs\framework\web\filters\CFilterChain.php(130): CInlineFilter->filter(Object(CFilterChain))
#25 C:\xampp\htdocs\framework\web\CController.php(291): CFilterChain->run()
#26 C:\xampp\htdocs\framework\web\CController.php(265): CController->runActionWithFilters(Object(CInlineAction), Array)
#27 C:\xampp\htdocs\framework\web\CWebApplication.php(282): CController->run('update')
#28 C:\xampp\htdocs\framework\web\CWebApplication.php(141): CWebApplication->runController('admin/volunteer...')
#29 C:\xampp\htdocs\framework\base\CApplication.php(180): CWebApplication->processRequest()
#30 C:\xampp\htdocs\liza\index.php(10): CApplication->run()
#31 {main}
REQUEST_URI=/index.php/admin/volunteer/update/id/1
HTTP_REFERER=http://liza.loc/index.php/admin/volunteer/index
---
2013/10/13 10:57:35 [warning] [application] Failed to set unsafe attribute "crew" of "Volunteer".
2013/10/13 10:57:56 [warning] [application] Failed to set unsafe attribute "crew" of "Volunteer".
